<?xml version="1.0" encoding="utf-8"?>
<!DOCTYPE hibernate-configuration PUBLIC
        "-//Hibernate/Hibernate Configuration DTD 3.0//EN"
        "http://www.hibernate.org/dtd/hibernate-configuration-3.0.dtd">

<hibernate-configuration>

    <session-factory>
        <mapping resource="Episode.hbm.xml"/>
        <mapping resource="ProgramAttributeType.hbm.xml"/>
        <mapping resource="PatientProgramAttribute.hbm.xml"/>
        <mapping resource="PatientProgram.hbm.xml"/>
        <mapping resource="org/bahmni/module/db/hibernate/ObsRelationship.hbm.xml"/>
        <mapping resource="org/bahmni/module/db/hibernate/ObsRelationshipType.hbm.xml"/>
        <mapping resource="EntityMappingType.hbm.xml"></mapping>
        <mapping resource="EntityMapping.hbm.xml"></mapping>
    </session-factory>
</hibernate-configuration>
